{"D:\\training_assignment\\react_gautamsharma\\react_week6,7,8,9\\ecommerce\\src\\App.tsx": {"path":"D:\\training_assignment\\react_gautamsharma\\react_week6,7,8,9\\ecommerce\\src\\App.tsx","statementMap":{"0":{"start":{"line":26,"column":19},"end":{"line":26,"column":32}},"1":{"start":{"line":27,"column":2},"end":{"line":57,"column":9}},"2":{"start":{"line":28,"column":4},"end":{"line":36,"column":7}},"3":{"start":{"line":29,"column":6},"end":{"line":35,"column":8}},"4":{"start":{"line":32,"column":12},"end":{"line":32,"column":31}},"5":{"start":{"line":37,"column":19},"end":{"line":37,"column":71}},"6":{"start":{"line":38,"column":4},"end":{"line":38,"column":24}},"7":{"start":{"line":39,"column":4},"end":{"line":56,"column":5}},"8":{"start":{"line":40,"column":6},"end":{"line":46,"column":8}},"9":{"start":{"line":48,"column":6},"end":{"line":55,"column":9}},"10":{"start":{"line":49,"column":8},"end":{"line":54,"column":11}},"11":{"start":{"line":50,"column":10},"end":{"line":53,"column":11}},"12":{"start":{"line":51,"column":12},"end":{"line":51,"column":53}},"13":{"start":{"line":52,"column":12},"end":{"line":52,"column":57}},"14":{"start":{"line":59,"column":2},"end":{"line":81,"column":4}}},"fnMap":{"0":{"name":"App","decl":{"start":{"line":25,"column":9},"end":{"line":25,"column":12}},"loc":{"start":{"line":25,"column":15},"end":{"line":82,"column":1}},"line":25},"1":{"name":"(anonymous_1)","decl":{"start":{"line":27,"column":12},"end":{"line":27,"column":13}},"loc":{"start":{"line":27,"column":18},"end":{"line":57,"column":3}},"line":27},"2":{"name":"(anonymous_2)","decl":{"start":{"line":28,"column":29},"end":{"line":28,"column":30}},"loc":{"start":{"line":28,"column":48},"end":{"line":36,"column":5}},"line":28},"3":{"name":"(anonymous_3)","decl":{"start":{"line":31,"column":28},"end":{"line":31,"column":29}},"loc":{"start":{"line":31,"column":43},"end":{"line":33,"column":11}},"line":31},"4":{"name":"(anonymous_4)","decl":{"start":{"line":48,"column":26},"end":{"line":48,"column":27}},"loc":{"start":{"line":48,"column":45},"end":{"line":55,"column":7}},"line":48},"5":{"name":"(anonymous_5)","decl":{"start":{"line":49,"column":26},"end":{"line":49,"column":27}},"loc":{"start":{"line":49,"column":41},"end":{"line":54,"column":9}},"line":49}},"branchMap":{"0":{"loc":{"start":{"line":37,"column":30},"end":{"line":37,"column":70}},"type":"binary-expr","locations":[{"start":{"line":37,"column":30},"end":{"line":37,"column":62}},{"start":{"line":37,"column":66},"end":{"line":37,"column":70}}],"line":37},"1":{"loc":{"start":{"line":39,"column":4},"end":{"line":56,"column":5}},"type":"if","locations":[{"start":{"line":39,"column":4},"end":{"line":56,"column":5}},{"start":{},"end":{}}],"line":39},"2":{"loc":{"start":{"line":50,"column":10},"end":{"line":53,"column":11}},"type":"if","locations":[{"start":{"line":50,"column":10},"end":{"line":53,"column":11}},{"start":{},"end":{}}],"line":50}},"s":{"0":0,"1":0,"2":0,"3":0,"4":0,"5":0,"6":0,"7":0,"8":0,"9":0,"10":0,"11":0,"12":0,"13":0,"14":0},"f":{"0":0,"1":0,"2":0,"3":0,"4":0,"5":0},"b":{"0":[0,0],"1":[0,0],"2":[0,0]}}
,"D:\\training_assignment\\react_gautamsharma\\react_week6,7,8,9\\ecommerce\\src\\Components\\navabar.tsx": {"path":"D:\\training_assignment\\react_gautamsharma\\react_week6,7,8,9\\ecommerce\\src\\Components\\navabar.tsx","statementMap":{"0":{"start":{"line":14,"column":19},"end":{"line":14,"column":75}},"1":{"start":{"line":14,"column":52},"end":{"line":14,"column":74}},"2":{"start":{"line":15,"column":19},"end":{"line":15,"column":75}},"3":{"start":{"line":15,"column":52},"end":{"line":15,"column":74}},"4":{"start":{"line":16,"column":22},"end":{"line":16,"column":71}},"5":{"start":{"line":16,"column":49},"end":{"line":16,"column":70}},"6":{"start":{"line":17,"column":17},"end":{"line":17,"column":68}},"7":{"start":{"line":17,"column":43},"end":{"line":17,"column":67}},"8":{"start":{"line":18,"column":25},"end":{"line":18,"column":37}},"9":{"start":{"line":19,"column":19},"end":{"line":19,"column":32}},"10":{"start":{"line":20,"column":19},"end":{"line":20,"column":32}},"11":{"start":{"line":23,"column":2},"end":{"line":31,"column":5}},"12":{"start":{"line":24,"column":4},"end":{"line":30,"column":6}},"13":{"start":{"line":27,"column":10},"end":{"line":27,"column":29}},"14":{"start":{"line":36,"column":4},"end":{"line":36,"column":17}},"15":{"start":{"line":40,"column":4},"end":{"line":40,"column":27}},"16":{"start":{"line":41,"column":4},"end":{"line":41,"column":40}},"17":{"start":{"line":42,"column":4},"end":{"line":48,"column":6}},"18":{"start":{"line":49,"column":4},"end":{"line":49,"column":27}},"19":{"start":{"line":50,"column":4},"end":{"line":50,"column":31}},"20":{"start":{"line":51,"column":4},"end":{"line":51,"column":23}},"21":{"start":{"line":54,"column":4},"end":{"line":54,"column":23}},"22":{"start":{"line":58,"column":4},"end":{"line":58,"column":21}},"23":{"start":{"line":62,"column":4},"end":{"line":62,"column":25}},"24":{"start":{"line":66,"column":4},"end":{"line":66,"column":25}},"25":{"start":{"line":70,"column":5},"end":{"line":70,"column":24}},"26":{"start":{"line":71,"column":18},"end":{"line":81,"column":7}},"27":{"start":{"line":72,"column":27},"end":{"line":72,"column":55}},"28":{"start":{"line":73,"column":27},"end":{"line":73,"column":51}},"29":{"start":{"line":74,"column":10},"end":{"line":74,"column":34}},"30":{"start":{"line":75,"column":10},"end":{"line":75,"column":34}},"31":{"start":{"line":76,"column":8},"end":{"line":79,"column":9}},"32":{"start":{"line":78,"column":10},"end":{"line":78,"column":22}},"33":{"start":{"line":82,"column":5},"end":{"line":85,"column":6}},"34":{"start":{"line":84,"column":6},"end":{"line":84,"column":41}},"35":{"start":{"line":86,"column":5},"end":{"line":86,"column":34}},"36":{"start":{"line":89,"column":31},"end":{"line":99,"column":3}},"37":{"start":{"line":90,"column":4},"end":{"line":98,"column":5}},"38":{"start":{"line":91,"column":25},"end":{"line":91,"column":72}},"39":{"start":{"line":93,"column":6},"end":{"line":97,"column":7}},"40":{"start":{"line":94,"column":8},"end":{"line":94,"column":79}},"41":{"start":{"line":101,"column":2},"end":{"line":107,"column":12}},"42":{"start":{"line":102,"column":4},"end":{"line":105,"column":5}},"43":{"start":{"line":104,"column":6},"end":{"line":104,"column":22}},"44":{"start":{"line":110,"column":2},"end":{"line":190,"column":4}},"45":{"start":{"line":121,"column":100},"end":{"line":121,"column":124}},"46":{"start":{"line":123,"column":28},"end":{"line":123,"column":46}}},"fnMap":{"0":{"name":"Navbar","decl":{"start":{"line":13,"column":9},"end":{"line":13,"column":15}},"loc":{"start":{"line":13,"column":18},"end":{"line":191,"column":1}},"line":13},"1":{"name":"(anonymous_1)","decl":{"start":{"line":14,"column":31},"end":{"line":14,"column":32}},"loc":{"start":{"line":14,"column":52},"end":{"line":14,"column":74}},"line":14},"2":{"name":"(anonymous_2)","decl":{"start":{"line":15,"column":31},"end":{"line":15,"column":32}},"loc":{"start":{"line":15,"column":52},"end":{"line":15,"column":74}},"line":15},"3":{"name":"(anonymous_3)","decl":{"start":{"line":16,"column":34},"end":{"line":16,"column":35}},"loc":{"start":{"line":16,"column":49},"end":{"line":16,"column":70}},"line":16},"4":{"name":"(anonymous_4)","decl":{"start":{"line":17,"column":29},"end":{"line":17,"column":30}},"loc":{"start":{"line":17,"column":43},"end":{"line":17,"column":67}},"line":17},"5":{"name":"setallproducts","decl":{"start":{"line":21,"column":9},"end":{"line":21,"column":23}},"loc":{"start":{"line":22,"column":0},"end":{"line":32,"column":1}},"line":22},"6":{"name":"(anonymous_6)","decl":{"start":{"line":23,"column":27},"end":{"line":23,"column":28}},"loc":{"start":{"line":23,"column":45},"end":{"line":31,"column":3}},"line":23},"7":{"name":"(anonymous_7)","decl":{"start":{"line":26,"column":26},"end":{"line":26,"column":27}},"loc":{"start":{"line":26,"column":40},"end":{"line":28,"column":9}},"line":26},"8":{"name":"go_to_home_page","decl":{"start":{"line":35,"column":11},"end":{"line":35,"column":26}},"loc":{"start":{"line":35,"column":29},"end":{"line":37,"column":3}},"line":35},"9":{"name":"handle_user","decl":{"start":{"line":39,"column":11},"end":{"line":39,"column":22}},"loc":{"start":{"line":39,"column":25},"end":{"line":52,"column":3}},"line":39},"10":{"name":"redirect_loginpage","decl":{"start":{"line":53,"column":11},"end":{"line":53,"column":29}},"loc":{"start":{"line":53,"column":32},"end":{"line":55,"column":3}},"line":53},"11":{"name":"directtocart","decl":{"start":{"line":56,"column":11},"end":{"line":56,"column":23}},"loc":{"start":{"line":57,"column":2},"end":{"line":59,"column":3}},"line":57},"12":{"name":"directtowishlist","decl":{"start":{"line":60,"column":11},"end":{"line":60,"column":27}},"loc":{"start":{"line":61,"column":2},"end":{"line":63,"column":3}},"line":61},"13":{"name":"directtoproduct","decl":{"start":{"line":64,"column":11},"end":{"line":64,"column":26}},"loc":{"start":{"line":65,"column":2},"end":{"line":67,"column":3}},"line":65},"14":{"name":"searchitems","decl":{"start":{"line":68,"column":11},"end":{"line":68,"column":22}},"loc":{"start":{"line":69,"column":2},"end":{"line":88,"column":3}},"line":69},"15":{"name":"(anonymous_15)","decl":{"start":{"line":71,"column":34},"end":{"line":71,"column":35}},"loc":{"start":{"line":71,"column":51},"end":{"line":81,"column":6}},"line":71},"16":{"name":"(anonymous_16)","decl":{"start":{"line":89,"column":31},"end":{"line":89,"column":32}},"loc":{"start":{"line":89,"column":43},"end":{"line":99,"column":3}},"line":89},"17":{"name":"(anonymous_17)","decl":{"start":{"line":101,"column":12},"end":{"line":101,"column":13}},"loc":{"start":{"line":101,"column":16},"end":{"line":107,"column":3}},"line":101},"18":{"name":"(anonymous_18)","decl":{"start":{"line":121,"column":94},"end":{"line":121,"column":95}},"loc":{"start":{"line":121,"column":99},"end":{"line":121,"column":125}},"line":121},"19":{"name":"(anonymous_19)","decl":{"start":{"line":123,"column":23},"end":{"line":123,"column":24}},"loc":{"start":{"line":123,"column":27},"end":{"line":123,"column":47}},"line":123}},"branchMap":{"0":{"loc":{"start":{"line":76,"column":8},"end":{"line":79,"column":9}},"type":"if","locations":[{"start":{"line":76,"column":8},"end":{"line":79,"column":9}},{"start":{},"end":{}}],"line":76},"1":{"loc":{"start":{"line":76,"column":11},"end":{"line":76,"column":49}},"type":"binary-expr","locations":[{"start":{"line":76,"column":11},"end":{"line":76,"column":28}},{"start":{"line":76,"column":32},"end":{"line":76,"column":49}}],"line":76},"2":{"loc":{"start":{"line":82,"column":5},"end":{"line":85,"column":6}},"type":"if","locations":[{"start":{"line":82,"column":5},"end":{"line":85,"column":6}},{"start":{},"end":{}}],"line":82},"3":{"loc":{"start":{"line":90,"column":4},"end":{"line":98,"column":5}},"type":"if","locations":[{"start":{"line":90,"column":4},"end":{"line":98,"column":5}},{"start":{},"end":{}}],"line":90},"4":{"loc":{"start":{"line":102,"column":4},"end":{"line":105,"column":5}},"type":"if","locations":[{"start":{"line":102,"column":4},"end":{"line":105,"column":5}},{"start":{},"end":{}}],"line":102},"5":{"loc":{"start":{"line":131,"column":10},"end":{"line":131,"column":62}},"type":"binary-expr","locations":[{"start":{"line":131,"column":10},"end":{"line":131,"column":33}},{"start":{"line":131,"column":35},"end":{"line":131,"column":62}}],"line":131},"6":{"loc":{"start":{"line":132,"column":10},"end":{"line":132,"column":49}},"type":"binary-expr","locations":[{"start":{"line":132,"column":10},"end":{"line":132,"column":34}},{"start":{"line":132,"column":36},"end":{"line":132,"column":49}}],"line":132},"7":{"loc":{"start":{"line":134,"column":11},"end":{"line":134,"column":76}},"type":"binary-expr","locations":[{"start":{"line":134,"column":11},"end":{"line":134,"column":34}},{"start":{"line":134,"column":38},"end":{"line":134,"column":76}}],"line":134},"8":{"loc":{"start":{"line":135,"column":11},"end":{"line":135,"column":82}},"type":"binary-expr","locations":[{"start":{"line":135,"column":11},"end":{"line":135,"column":35}},{"start":{"line":135,"column":39},"end":{"line":135,"column":82}}],"line":135},"9":{"loc":{"start":{"line":136,"column":11},"end":{"line":145,"column":11}},"type":"binary-expr","locations":[{"start":{"line":136,"column":11},"end":{"line":136,"column":34}},{"start":{"line":137,"column":12},"end":{"line":144,"column":18}}],"line":136},"10":{"loc":{"start":{"line":146,"column":11},"end":{"line":150,"column":11}},"type":"binary-expr","locations":[{"start":{"line":146,"column":11},"end":{"line":146,"column":35}},{"start":{"line":147,"column":12},"end":{"line":149,"column":15}}],"line":146},"11":{"loc":{"start":{"line":162,"column":7},"end":{"line":164,"column":16}},"type":"binary-expr","locations":[{"start":{"line":162,"column":8},"end":{"line":162,"column":26}},{"start":{"line":162,"column":29},"end":{"line":164,"column":16}}],"line":162},"12":{"loc":{"start":{"line":165,"column":11},"end":{"line":166,"column":16}},"type":"binary-expr","locations":[{"start":{"line":165,"column":12},"end":{"line":165,"column":30}},{"start":{"line":165,"column":33},"end":{"line":166,"column":16}}],"line":165},"13":{"loc":{"start":{"line":181,"column":7},"end":{"line":183,"column":16}},"type":"binary-expr","locations":[{"start":{"line":181,"column":8},"end":{"line":181,"column":27}},{"start":{"line":181,"column":30},"end":{"line":183,"column":16}}],"line":181}},"s":{"0":27,"1":27,"2":27,"3":27,"4":27,"5":27,"6":27,"7":27,"8":27,"9":27,"10":27,"11":20,"12":0,"13":0,"14":1,"15":0,"16":0,"17":0,"18":0,"19":0,"20":0,"21":1,"22":1,"23":1,"24":0,"25":0,"26":0,"27":0,"28":0,"29":0,"30":0,"31":0,"32":0,"33":0,"34":0,"35":0,"36":27,"37":0,"38":0,"39":0,"40":0,"41":27,"42":19,"43":19,"44":27,"45":0,"46":0},"f":{"0":27,"1":27,"2":27,"3":27,"4":27,"5":20,"6":0,"7":0,"8":1,"9":0,"10":1,"11":1,"12":1,"13":0,"14":0,"15":0,"16":0,"17":19,"18":0,"19":0},"b":{"0":[0,0],"1":[0,0],"2":[0,0],"3":[0,0],"4":[19,0],"5":[27,0],"6":[27,27],"7":[27,0],"8":[27,27],"9":[27,0],"10":[27,27],"11":[27,0],"12":[27,27],"13":[27,0]},"_coverageSchema":"1a1c01bbd47fc00a2c39e90264f33305004495a9","hash":"05786ef4412ef75244ada41026d198237221cbc6"}
,"D:\\training_assignment\\react_gautamsharma\\react_week6,7,8,9\\ecommerce\\src\\store\\store.ts": {"path":"D:\\training_assignment\\react_gautamsharma\\react_week6,7,8,9\\ecommerce\\src\\store\\store.ts","statementMap":{"0":{"start":{"line":4,"column":14},"end":{"line":4,"column":45}}},"fnMap":{},"branchMap":{},"s":{"0":5},"f":{},"b":{},"_coverageSchema":"1a1c01bbd47fc00a2c39e90264f33305004495a9","hash":"215af3a59c26ab4d2cae5aae2fa8b534489acff9"}
,"D:\\training_assignment\\react_gautamsharma\\react_week6,7,8,9\\ecommerce\\src\\view\\Login.tsx": {"path":"D:\\training_assignment\\react_gautamsharma\\react_week6,7,8,9\\ecommerce\\src\\view\\Login.tsx","statementMap":{"0":{"start":{"line":16,"column":28},"end":{"line":16,"column":40}},"1":{"start":{"line":17,"column":34},"end":{"line":17,"column":46}},"2":{"start":{"line":18,"column":34},"end":{"line":18,"column":63}},"3":{"start":{"line":19,"column":38},"end":{"line":19,"column":67}},"4":{"start":{"line":20,"column":27},"end":{"line":20,"column":42}},"5":{"start":{"line":21,"column":19},"end":{"line":21,"column":32}},"6":{"start":{"line":22,"column":19},"end":{"line":22,"column":32}},"7":{"start":{"line":23,"column":22},"end":{"line":52,"column":3}},"8":{"start":{"line":24,"column":4},"end":{"line":24,"column":23}},"9":{"start":{"line":25,"column":4},"end":{"line":50,"column":9}},"10":{"start":{"line":27,"column":8},"end":{"line":27,"column":23}},"11":{"start":{"line":28,"column":8},"end":{"line":28,"column":123}},"12":{"start":{"line":29,"column":8},"end":{"line":29,"column":47}},"13":{"start":{"line":30,"column":8},"end":{"line":30,"column":24}},"14":{"start":{"line":32,"column":8},"end":{"line":38,"column":10}},"15":{"start":{"line":39,"column":8},"end":{"line":39,"column":47}},"16":{"start":{"line":40,"column":8},"end":{"line":43,"column":17}},"17":{"start":{"line":41,"column":10},"end":{"line":41,"column":28}},"18":{"start":{"line":42,"column":10},"end":{"line":42,"column":32}},"19":{"start":{"line":46,"column":8},"end":{"line":46,"column":32}},"20":{"start":{"line":47,"column":8},"end":{"line":49,"column":16}},"21":{"start":{"line":48,"column":10},"end":{"line":48,"column":25}},"22":{"start":{"line":55,"column":4},"end":{"line":62,"column":7}},"23":{"start":{"line":56,"column":6},"end":{"line":61,"column":9}},"24":{"start":{"line":57,"column":8},"end":{"line":60,"column":9}},"25":{"start":{"line":58,"column":10},"end":{"line":58,"column":51}},"26":{"start":{"line":59,"column":10},"end":{"line":59,"column":55}},"27":{"start":{"line":64,"column":2},"end":{"line":126,"column":4}},"28":{"start":{"line":88,"column":14},"end":{"line":88,"column":39}},"29":{"start":{"line":97,"column":14},"end":{"line":97,"column":42}}},"fnMap":{"0":{"name":"Login","decl":{"start":{"line":15,"column":9},"end":{"line":15,"column":14}},"loc":{"start":{"line":15,"column":17},"end":{"line":127,"column":1}},"line":15},"1":{"name":"(anonymous_1)","decl":{"start":{"line":23,"column":22},"end":{"line":23,"column":23}},"loc":{"start":{"line":23,"column":34},"end":{"line":52,"column":3}},"line":23},"2":{"name":"(anonymous_2)","decl":{"start":{"line":26,"column":12},"end":{"line":26,"column":13}},"loc":{"start":{"line":26,"column":27},"end":{"line":44,"column":7}},"line":26},"3":{"name":"(anonymous_3)","decl":{"start":{"line":40,"column":19},"end":{"line":40,"column":20}},"loc":{"start":{"line":40,"column":25},"end":{"line":43,"column":9}},"line":40},"4":{"name":"(anonymous_4)","decl":{"start":{"line":45,"column":13},"end":{"line":45,"column":14}},"loc":{"start":{"line":45,"column":24},"end":{"line":50,"column":7}},"line":45},"5":{"name":"(anonymous_5)","decl":{"start":{"line":47,"column":19},"end":{"line":47,"column":20}},"loc":{"start":{"line":47,"column":25},"end":{"line":49,"column":9}},"line":47},"6":{"name":"set_user_details","decl":{"start":{"line":54,"column":11},"end":{"line":54,"column":27}},"loc":{"start":{"line":54,"column":47},"end":{"line":63,"column":3}},"line":54},"7":{"name":"(anonymous_7)","decl":{"start":{"line":55,"column":24},"end":{"line":55,"column":25}},"loc":{"start":{"line":55,"column":43},"end":{"line":62,"column":5}},"line":55},"8":{"name":"(anonymous_8)","decl":{"start":{"line":56,"column":24},"end":{"line":56,"column":25}},"loc":{"start":{"line":56,"column":39},"end":{"line":61,"column":7}},"line":56},"9":{"name":"(anonymous_9)","decl":{"start":{"line":87,"column":22},"end":{"line":87,"column":23}},"loc":{"start":{"line":87,"column":29},"end":{"line":89,"column":13}},"line":87},"10":{"name":"(anonymous_10)","decl":{"start":{"line":96,"column":22},"end":{"line":96,"column":23}},"loc":{"start":{"line":96,"column":29},"end":{"line":98,"column":13}},"line":96}},"branchMap":{"0":{"loc":{"start":{"line":57,"column":8},"end":{"line":60,"column":9}},"type":"if","locations":[{"start":{"line":57,"column":8},"end":{"line":60,"column":9}},{"start":{},"end":{}}],"line":57},"1":{"loc":{"start":{"line":68,"column":6},"end":{"line":71,"column":12}},"type":"binary-expr","locations":[{"start":{"line":68,"column":6},"end":{"line":68,"column":12}},{"start":{"line":68,"column":14},"end":{"line":71,"column":12}}],"line":68},"2":{"loc":{"start":{"line":73,"column":7},"end":{"line":124,"column":12}},"type":"binary-expr","locations":[{"start":{"line":73,"column":7},"end":{"line":73,"column":14}},{"start":{"line":73,"column":16},"end":{"line":124,"column":12}}],"line":73},"3":{"loc":{"start":{"line":109,"column":15},"end":{"line":113,"column":15}},"type":"binary-expr","locations":[{"start":{"line":109,"column":15},"end":{"line":109,"column":23}},{"start":{"line":110,"column":16},"end":{"line":112,"column":19}}],"line":109},"4":{"loc":{"start":{"line":116,"column":15},"end":{"line":120,"column":15}},"type":"binary-expr","locations":[{"start":{"line":116,"column":15},"end":{"line":116,"column":25}},{"start":{"line":117,"column":16},"end":{"line":119,"column":19}}],"line":116}},"s":{"0":6,"1":6,"2":6,"3":6,"4":6,"5":6,"6":6,"7":6,"8":2,"9":2,"10":0,"11":0,"12":0,"13":0,"14":0,"15":0,"16":0,"17":0,"18":0,"19":0,"20":0,"21":0,"22":0,"23":0,"24":0,"25":0,"26":0,"27":6,"28":1,"29":1},"f":{"0":6,"1":2,"2":0,"3":0,"4":0,"5":0,"6":0,"7":0,"8":0,"9":1,"10":1},"b":{"0":[0,0],"1":[6,0],"2":[6,6],"3":[6,0],"4":[6,0]},"_coverageSchema":"1a1c01bbd47fc00a2c39e90264f33305004495a9","hash":"96b6feba6a93c5c04748a4c0cf8775fa20faf379"}
,"D:\\training_assignment\\react_gautamsharma\\react_week6,7,8,9\\ecommerce\\src\\view\\Sign_up.tsx": {"path":"D:\\training_assignment\\react_gautamsharma\\react_week6,7,8,9\\ecommerce\\src\\view\\Sign_up.tsx","statementMap":{"0":{"start":{"line":12,"column":40},"end":{"line":16,"column":4}},"1":{"start":{"line":17,"column":34},"end":{"line":17,"column":61}},"2":{"start":{"line":18,"column":38},"end":{"line":18,"column":65}},"3":{"start":{"line":20,"column":19},"end":{"line":20,"column":32}},"4":{"start":{"line":22,"column":23},"end":{"line":52,"column":3}},"5":{"start":{"line":23,"column":4},"end":{"line":23,"column":23}},"6":{"start":{"line":25,"column":4},"end":{"line":51,"column":9}},"7":{"start":{"line":31,"column":8},"end":{"line":47,"column":9}},"8":{"start":{"line":32,"column":10},"end":{"line":46,"column":15}},"9":{"start":{"line":36,"column":14},"end":{"line":36,"column":51}},"10":{"start":{"line":37,"column":14},"end":{"line":37,"column":30}},"11":{"start":{"line":38,"column":14},"end":{"line":42,"column":23}},"12":{"start":{"line":39,"column":16},"end":{"line":39,"column":34}},"13":{"start":{"line":40,"column":16},"end":{"line":40,"column":56}},"14":{"start":{"line":41,"column":16},"end":{"line":41,"column":35}},"15":{"start":{"line":45,"column":14},"end":{"line":45,"column":38}},"16":{"start":{"line":50,"column":8},"end":{"line":50,"column":32}},"17":{"start":{"line":54,"column":31},"end":{"line":67,"column":3}},"18":{"start":{"line":55,"column":4},"end":{"line":66,"column":5}},"19":{"start":{"line":56,"column":32},"end":{"line":56,"column":55}},"20":{"start":{"line":57,"column":25},"end":{"line":57,"column":53}},"21":{"start":{"line":58,"column":30},"end":{"line":63,"column":7}},"22":{"start":{"line":64,"column":6},"end":{"line":64,"column":48}},"23":{"start":{"line":69,"column":2},"end":{"line":132,"column":4}},"24":{"start":{"line":87,"column":14},"end":{"line":87,"column":80}},"25":{"start":{"line":87,"column":40},"end":{"line":87,"column":77}},"26":{"start":{"line":95,"column":14},"end":{"line":95,"column":77}},"27":{"start":{"line":95,"column":40},"end":{"line":95,"column":74}},"28":{"start":{"line":103,"column":14},"end":{"line":103,"column":80}},"29":{"start":{"line":103,"column":40},"end":{"line":103,"column":77}}},"fnMap":{"0":{"name":"Sign_in","decl":{"start":{"line":11,"column":9},"end":{"line":11,"column":16}},"loc":{"start":{"line":11,"column":19},"end":{"line":133,"column":1}},"line":11},"1":{"name":"(anonymous_1)","decl":{"start":{"line":22,"column":23},"end":{"line":22,"column":24}},"loc":{"start":{"line":22,"column":35},"end":{"line":52,"column":3}},"line":22},"2":{"name":"(anonymous_2)","decl":{"start":{"line":30,"column":12},"end":{"line":30,"column":13}},"loc":{"start":{"line":30,"column":22},"end":{"line":48,"column":7}},"line":30},"3":{"name":"(anonymous_3)","decl":{"start":{"line":35,"column":18},"end":{"line":35,"column":19}},"loc":{"start":{"line":35,"column":24},"end":{"line":43,"column":13}},"line":35},"4":{"name":"(anonymous_4)","decl":{"start":{"line":38,"column":25},"end":{"line":38,"column":26}},"loc":{"start":{"line":38,"column":31},"end":{"line":42,"column":15}},"line":38},"5":{"name":"(anonymous_5)","decl":{"start":{"line":44,"column":19},"end":{"line":44,"column":20}},"loc":{"start":{"line":44,"column":30},"end":{"line":46,"column":13}},"line":44},"6":{"name":"(anonymous_6)","decl":{"start":{"line":49,"column":13},"end":{"line":49,"column":14}},"loc":{"start":{"line":49,"column":24},"end":{"line":51,"column":7}},"line":49},"7":{"name":"(anonymous_7)","decl":{"start":{"line":54,"column":31},"end":{"line":54,"column":32}},"loc":{"start":{"line":54,"column":55},"end":{"line":67,"column":3}},"line":54},"8":{"name":"(anonymous_8)","decl":{"start":{"line":86,"column":22},"end":{"line":86,"column":23}},"loc":{"start":{"line":86,"column":29},"end":{"line":88,"column":13}},"line":86},"9":{"name":"(anonymous_9)","decl":{"start":{"line":87,"column":29},"end":{"line":87,"column":30}},"loc":{"start":{"line":87,"column":40},"end":{"line":87,"column":77}},"line":87},"10":{"name":"(anonymous_10)","decl":{"start":{"line":94,"column":22},"end":{"line":94,"column":23}},"loc":{"start":{"line":94,"column":29},"end":{"line":96,"column":13}},"line":94},"11":{"name":"(anonymous_11)","decl":{"start":{"line":95,"column":29},"end":{"line":95,"column":30}},"loc":{"start":{"line":95,"column":40},"end":{"line":95,"column":74}},"line":95},"12":{"name":"(anonymous_12)","decl":{"start":{"line":102,"column":22},"end":{"line":102,"column":23}},"loc":{"start":{"line":102,"column":29},"end":{"line":104,"column":13}},"line":102},"13":{"name":"(anonymous_13)","decl":{"start":{"line":103,"column":29},"end":{"line":103,"column":30}},"loc":{"start":{"line":103,"column":40},"end":{"line":103,"column":77}},"line":103}},"branchMap":{"0":{"loc":{"start":{"line":31,"column":8},"end":{"line":47,"column":9}},"type":"if","locations":[{"start":{"line":31,"column":8},"end":{"line":47,"column":9}},{"start":{},"end":{}}],"line":31},"1":{"loc":{"start":{"line":116,"column":13},"end":{"line":120,"column":13}},"type":"binary-expr","locations":[{"start":{"line":116,"column":13},"end":{"line":116,"column":21}},{"start":{"line":117,"column":14},"end":{"line":119,"column":17}}],"line":116},"2":{"loc":{"start":{"line":123,"column":13},"end":{"line":127,"column":13}},"type":"binary-expr","locations":[{"start":{"line":123,"column":13},"end":{"line":123,"column":23}},{"start":{"line":124,"column":14},"end":{"line":126,"column":17}}],"line":123}},"s":{"0":1,"1":1,"2":1,"3":1,"4":1,"5":0,"6":0,"7":0,"8":0,"9":0,"10":0,"11":0,"12":0,"13":0,"14":0,"15":0,"16":0,"17":1,"18":0,"19":0,"20":0,"21":0,"22":0,"23":1,"24":0,"25":0,"26":0,"27":0,"28":0,"29":0},"f":{"0":1,"1":0,"2":0,"3":0,"4":0,"5":0,"6":0,"7":0,"8":0,"9":0,"10":0,"11":0,"12":0,"13":0},"b":{"0":[0,0],"1":[1,0],"2":[1,0]},"_coverageSchema":"1a1c01bbd47fc00a2c39e90264f33305004495a9","hash":"2f0291c7dd21223fb89cb184881b5aa8a7ff9175"}
,"D:\\training_assignment\\react_gautamsharma\\react_week6,7,8,9\\ecommerce\\src\\view\\cart.tsx": {"path":"D:\\training_assignment\\react_gautamsharma\\react_week6,7,8,9\\ecommerce\\src\\view\\cart.tsx","statementMap":{"0":{"start":{"line":10,"column":19},"end":{"line":10,"column":75}},"1":{"start":{"line":10,"column":52},"end":{"line":10,"column":74}},"2":{"start":{"line":11,"column":22},"end":{"line":11,"column":78}},"3":{"start":{"line":11,"column":56},"end":{"line":11,"column":77}},"4":{"start":{"line":12,"column":27},"end":{"line":12,"column":42}},"5":{"start":{"line":13,"column":22},"end":{"line":13,"column":23}},"6":{"start":{"line":14,"column":17},"end":{"line":14,"column":18}},"7":{"start":{"line":15,"column":19},"end":{"line":15,"column":20}},"8":{"start":{"line":17,"column":2},"end":{"line":41,"column":3}},"9":{"start":{"line":18,"column":29},"end":{"line":20,"column":6}},"10":{"start":{"line":19,"column":6},"end":{"line":19,"column":49}},"11":{"start":{"line":21,"column":24},"end":{"line":23,"column":6}},"12":{"start":{"line":22,"column":6},"end":{"line":22,"column":78}},"13":{"start":{"line":25,"column":26},"end":{"line":27,"column":6}},"14":{"start":{"line":26,"column":6},"end":{"line":26,"column":40}},"15":{"start":{"line":29,"column":4},"end":{"line":32,"column":7}},"16":{"start":{"line":30,"column":6},"end":{"line":30,"column":28}},"17":{"start":{"line":31,"column":6},"end":{"line":31,"column":19}},"18":{"start":{"line":33,"column":4},"end":{"line":36,"column":7}},"19":{"start":{"line":34,"column":6},"end":{"line":34,"column":28}},"20":{"start":{"line":35,"column":6},"end":{"line":35,"column":19}},"21":{"start":{"line":37,"column":4},"end":{"line":40,"column":7}},"22":{"start":{"line":38,"column":6},"end":{"line":38,"column":28}},"23":{"start":{"line":39,"column":6},"end":{"line":39,"column":19}},"24":{"start":{"line":43,"column":19},"end":{"line":43,"column":32}},"25":{"start":{"line":44,"column":19},"end":{"line":44,"column":32}},"26":{"start":{"line":46,"column":4},"end":{"line":50,"column":7}},"27":{"start":{"line":52,"column":2},"end":{"line":53,"column":3}},"28":{"start":{"line":56,"column":4},"end":{"line":56,"column":23}},"29":{"start":{"line":60,"column":4},"end":{"line":60,"column":26}},"30":{"start":{"line":64,"column":24},"end":{"line":68,"column":6}},"31":{"start":{"line":65,"column":6},"end":{"line":67,"column":7}},"32":{"start":{"line":66,"column":8},"end":{"line":66,"column":20}},"33":{"start":{"line":69,"column":4},"end":{"line":69,"column":36}},"34":{"start":{"line":72,"column":22},"end":{"line":89,"column":6}},"35":{"start":{"line":73,"column":6},"end":{"line":88,"column":28}},"36":{"start":{"line":75,"column":8},"end":{"line":87,"column":10}},"37":{"start":{"line":88,"column":13},"end":{"line":88,"column":28}},"38":{"start":{"line":90,"column":4},"end":{"line":90,"column":34}},"39":{"start":{"line":93,"column":4},"end":{"line":96,"column":5}},"40":{"start":{"line":94,"column":6},"end":{"line":94,"column":53}},"41":{"start":{"line":95,"column":6},"end":{"line":95,"column":13}},"42":{"start":{"line":98,"column":28},"end":{"line":115,"column":6}},"43":{"start":{"line":99,"column":6},"end":{"line":114,"column":28}},"44":{"start":{"line":101,"column":8},"end":{"line":113,"column":10}},"45":{"start":{"line":114,"column":13},"end":{"line":114,"column":28}},"46":{"start":{"line":116,"column":4},"end":{"line":116,"column":40}},"47":{"start":{"line":119,"column":4},"end":{"line":119,"column":20}},"48":{"start":{"line":120,"column":4},"end":{"line":120,"column":27}},"49":{"start":{"line":121,"column":5},"end":{"line":123,"column":15}},"50":{"start":{"line":122,"column":6},"end":{"line":122,"column":31}},"51":{"start":{"line":128,"column":2},"end":{"line":256,"column":4}},"52":{"start":{"line":166,"column":14},"end":{"line":215,"column":16}},"53":{"start":{"line":171,"column":37},"end":{"line":171,"column":60}},"54":{"start":{"line":183,"column":37},"end":{"line":183,"column":53}},"55":{"start":{"line":191,"column":45},"end":{"line":191,"column":62}},"56":{"start":{"line":195,"column":26},"end":{"line":195,"column":44}}},"fnMap":{"0":{"name":"Add_cart","decl":{"start":{"line":9,"column":9},"end":{"line":9,"column":17}},"loc":{"start":{"line":9,"column":20},"end":{"line":257,"column":1}},"line":9},"1":{"name":"(anonymous_1)","decl":{"start":{"line":10,"column":31},"end":{"line":10,"column":32}},"loc":{"start":{"line":10,"column":52},"end":{"line":10,"column":74}},"line":10},"2":{"name":"(anonymous_2)","decl":{"start":{"line":11,"column":34},"end":{"line":11,"column":35}},"loc":{"start":{"line":11,"column":56},"end":{"line":11,"column":77}},"line":11},"3":{"name":"(anonymous_3)","decl":{"start":{"line":18,"column":42},"end":{"line":18,"column":43}},"loc":{"start":{"line":18,"column":62},"end":{"line":20,"column":5}},"line":18},"4":{"name":"(anonymous_4)","decl":{"start":{"line":21,"column":37},"end":{"line":21,"column":38}},"loc":{"start":{"line":21,"column":57},"end":{"line":23,"column":5}},"line":21},"5":{"name":"(anonymous_5)","decl":{"start":{"line":25,"column":39},"end":{"line":25,"column":40}},"loc":{"start":{"line":25,"column":59},"end":{"line":27,"column":5}},"line":25},"6":{"name":"(anonymous_6)","decl":{"start":{"line":29,"column":44},"end":{"line":29,"column":45}},"loc":{"start":{"line":29,"column":78},"end":{"line":32,"column":5}},"line":29},"7":{"name":"(anonymous_7)","decl":{"start":{"line":33,"column":34},"end":{"line":33,"column":35}},"loc":{"start":{"line":33,"column":68},"end":{"line":36,"column":5}},"line":33},"8":{"name":"(anonymous_8)","decl":{"start":{"line":37,"column":38},"end":{"line":37,"column":39}},"loc":{"start":{"line":37,"column":72},"end":{"line":40,"column":5}},"line":37},"9":{"name":"go_to_detail_page","decl":{"start":{"line":45,"column":11},"end":{"line":45,"column":28}},"loc":{"start":{"line":45,"column":45},"end":{"line":51,"column":3}},"line":45},"10":{"name":"gotologin","decl":{"start":{"line":55,"column":11},"end":{"line":55,"column":20}},"loc":{"start":{"line":55,"column":23},"end":{"line":57,"column":3}},"line":55},"11":{"name":"gotoproducts","decl":{"start":{"line":59,"column":11},"end":{"line":59,"column":23}},"loc":{"start":{"line":59,"column":26},"end":{"line":61,"column":3}},"line":59},"12":{"name":"deleteitem","decl":{"start":{"line":63,"column":11},"end":{"line":63,"column":21}},"loc":{"start":{"line":63,"column":38},"end":{"line":70,"column":3}},"line":63},"13":{"name":"(anonymous_13)","decl":{"start":{"line":64,"column":40},"end":{"line":64,"column":41}},"loc":{"start":{"line":64,"column":58},"end":{"line":68,"column":5}},"line":64},"14":{"name":"addquantity","decl":{"start":{"line":71,"column":11},"end":{"line":71,"column":22}},"loc":{"start":{"line":71,"column":39},"end":{"line":91,"column":3}},"line":71},"15":{"name":"(anonymous_15)","decl":{"start":{"line":72,"column":35},"end":{"line":72,"column":36}},"loc":{"start":{"line":72,"column":58},"end":{"line":89,"column":5}},"line":72},"16":{"name":"subquantity","decl":{"start":{"line":92,"column":11},"end":{"line":92,"column":22}},"loc":{"start":{"line":92,"column":39},"end":{"line":117,"column":3}},"line":92},"17":{"name":"(anonymous_17)","decl":{"start":{"line":98,"column":41},"end":{"line":98,"column":42}},"loc":{"start":{"line":98,"column":64},"end":{"line":115,"column":5}},"line":98},"18":{"name":"paypage","decl":{"start":{"line":118,"column":11},"end":{"line":118,"column":18}},"loc":{"start":{"line":118,"column":21},"end":{"line":126,"column":3}},"line":118},"19":{"name":"(anonymous_19)","decl":{"start":{"line":121,"column":16},"end":{"line":121,"column":17}},"loc":{"start":{"line":121,"column":20},"end":{"line":123,"column":9}},"line":121},"20":{"name":"(anonymous_20)","decl":{"start":{"line":165,"column":26},"end":{"line":165,"column":27}},"loc":{"start":{"line":165,"column":46},"end":{"line":216,"column":13}},"line":165},"21":{"name":"(anonymous_21)","decl":{"start":{"line":171,"column":31},"end":{"line":171,"column":32}},"loc":{"start":{"line":171,"column":37},"end":{"line":171,"column":60}},"line":171},"22":{"name":"(anonymous_22)","decl":{"start":{"line":183,"column":31},"end":{"line":183,"column":32}},"loc":{"start":{"line":183,"column":37},"end":{"line":183,"column":53}},"line":183},"23":{"name":"(anonymous_23)","decl":{"start":{"line":191,"column":39},"end":{"line":191,"column":40}},"loc":{"start":{"line":191,"column":45},"end":{"line":191,"column":62}},"line":191},"24":{"name":"(anonymous_24)","decl":{"start":{"line":194,"column":33},"end":{"line":194,"column":34}},"loc":{"start":{"line":194,"column":39},"end":{"line":196,"column":25}},"line":194}},"branchMap":{"0":{"loc":{"start":{"line":17,"column":2},"end":{"line":41,"column":3}},"type":"if","locations":[{"start":{"line":17,"column":2},"end":{"line":41,"column":3}},{"start":{},"end":{}}],"line":17},"1":{"loc":{"start":{"line":52,"column":2},"end":{"line":53,"column":3}},"type":"if","locations":[{"start":{"line":52,"column":2},"end":{"line":53,"column":3}},{"start":{},"end":{}}],"line":52},"2":{"loc":{"start":{"line":65,"column":6},"end":{"line":67,"column":7}},"type":"if","locations":[{"start":{"line":65,"column":6},"end":{"line":67,"column":7}},{"start":{},"end":{}}],"line":65},"3":{"loc":{"start":{"line":73,"column":6},"end":{"line":88,"column":28}},"type":"if","locations":[{"start":{"line":73,"column":6},"end":{"line":88,"column":28}},{"start":{"line":88,"column":13},"end":{"line":88,"column":28}}],"line":73},"4":{"loc":{"start":{"line":93,"column":4},"end":{"line":96,"column":5}},"type":"if","locations":[{"start":{"line":93,"column":4},"end":{"line":96,"column":5}},{"start":{},"end":{}}],"line":93},"5":{"loc":{"start":{"line":99,"column":6},"end":{"line":114,"column":28}},"type":"if","locations":[{"start":{"line":99,"column":6},"end":{"line":114,"column":28}},{"start":{"line":114,"column":13},"end":{"line":114,"column":28}}],"line":99},"6":{"loc":{"start":{"line":132,"column":8},"end":{"line":134,"column":70}},"type":"binary-expr","locations":[{"start":{"line":132,"column":8},"end":{"line":132,"column":14}},{"start":{"line":132,"column":16},"end":{"line":134,"column":70}}],"line":132},"7":{"loc":{"start":{"line":136,"column":7},"end":{"line":147,"column":7}},"type":"binary-expr","locations":[{"start":{"line":136,"column":8},"end":{"line":136,"column":32}},{"start":{"line":136,"column":35},"end":{"line":136,"column":42}},{"start":{"line":137,"column":8},"end":{"line":146,"column":11}}],"line":136},"8":{"loc":{"start":{"line":149,"column":7},"end":{"line":160,"column":7}},"type":"binary-expr","locations":[{"start":{"line":149,"column":8},"end":{"line":149,"column":28}},{"start":{"line":149,"column":32},"end":{"line":149,"column":55}},{"start":{"line":149,"column":58},"end":{"line":149,"column":65}},{"start":{"line":150,"column":8},"end":{"line":159,"column":11}}],"line":149},"9":{"loc":{"start":{"line":162,"column":7},"end":{"line":254,"column":7}},"type":"binary-expr","locations":[{"start":{"line":162,"column":7},"end":{"line":162,"column":30}},{"start":{"line":162,"column":34},"end":{"line":162,"column":55}},{"start":{"line":163,"column":8},"end":{"line":253,"column":14}}],"line":162}},"s":{"0":1,"1":1,"2":1,"3":1,"4":1,"5":1,"6":1,"7":1,"8":1,"9":0,"10":0,"11":0,"12":0,"13":0,"14":0,"15":0,"16":0,"17":0,"18":0,"19":0,"20":0,"21":0,"22":0,"23":0,"24":1,"25":1,"26":0,"27":1,"28":0,"29":0,"30":0,"31":0,"32":0,"33":0,"34":0,"35":0,"36":0,"37":0,"38":0,"39":0,"40":0,"41":0,"42":0,"43":0,"44":0,"45":0,"46":0,"47":0,"48":0,"49":0,"50":0,"51":1,"52":0,"53":0,"54":0,"55":0,"56":0},"f":{"0":1,"1":1,"2":1,"3":0,"4":0,"5":0,"6":0,"7":0,"8":0,"9":0,"10":0,"11":0,"12":0,"13":0,"14":0,"15":0,"16":0,"17":0,"18":0,"19":0,"20":0,"21":0,"22":0,"23":0,"24":0},"b":{"0":[0,1],"1":[1,0],"2":[0,0],"3":[0,0],"4":[0,0],"5":[0,0],"6":[1,0],"7":[1,1,1],"8":[1,1,0,0],"9":[1,0,0]},"_coverageSchema":"1a1c01bbd47fc00a2c39e90264f33305004495a9","hash":"07897538759e1879b87bc1c2a09da1024df04484"}
,"D:\\training_assignment\\react_gautamsharma\\react_week6,7,8,9\\ecommerce\\src\\view\\orderpage.tsx": {"path":"D:\\training_assignment\\react_gautamsharma\\react_week6,7,8,9\\ecommerce\\src\\view\\orderpage.tsx","statementMap":{"0":{"start":{"line":6,"column":19},"end":{"line":6,"column":32}},"1":{"start":{"line":8,"column":4},"end":{"line":8,"column":26}},"2":{"start":{"line":10,"column":2},"end":{"line":25,"column":4}}},"fnMap":{"0":{"name":"Paymentpage","decl":{"start":{"line":5,"column":9},"end":{"line":5,"column":20}},"loc":{"start":{"line":5,"column":23},"end":{"line":26,"column":1}},"line":5},"1":{"name":"gotoproductpage","decl":{"start":{"line":7,"column":11},"end":{"line":7,"column":26}},"loc":{"start":{"line":7,"column":29},"end":{"line":9,"column":3}},"line":7}},"branchMap":{},"s":{"0":4,"1":1,"2":4},"f":{"0":4,"1":1},"b":{},"_coverageSchema":"1a1c01bbd47fc00a2c39e90264f33305004495a9","hash":"50b1305ec72a2d6b6225be3ad18a1d643894be03"}
}
